2021-07-08 12:52:48.182  INFO 11600 --- [restartedMain] c.b.e.EmployeePayrollAppApplication      : Starting EmployeePayrollAppApplication using Java 15.0.2 on LAPTOP-G9GJ4JUF with PID 11600 (C:\spring\work-space\EmployeePayrollApp\bin\main started by ASUS in C:\spring\work-space\EmployeePayrollApp)
2021-07-08 12:52:48.197 DEBUG 11600 --- [restartedMain] c.b.e.EmployeePayrollAppApplication      : Running with Spring Boot v2.5.1, Spring v5.3.8
2021-07-08 12:52:48.199  INFO 11600 --- [restartedMain] c.b.e.EmployeePayrollAppApplication      : The following profiles are active: dev
2021-07-08 12:54:02.019  WARN 11600 --- [restartedMain] JpaBaseConfiguration$JpaWebConfiguration : spring.jpa.open-in-view is enabled by default. Therefore, database queries may be performed during view rendering. Explicitly configure spring.jpa.open-in-view to disable this warning
2021-07-08 12:54:21.554  INFO 11600 --- [restartedMain] c.b.e.EmployeePayrollAppApplication      : Started EmployeePayrollAppApplication in 96.256 seconds (JVM running for 112.529)
2021-07-08 12:54:21.566  INFO 11600 --- [restartedMain] c.b.e.EmployeePayrollAppApplication      : Employee payroll app started in DEV Environment
2021-07-08 12:54:21.571  INFO 11600 --- [restartedMain] c.b.e.EmployeePayrollAppApplication      : Employee payroll DB user is emp_payrollDB 
2021-07-08 14:42:04.455  INFO 12304 --- [restartedMain] c.b.e.EmployeePayrollAppApplication      : Starting EmployeePayrollAppApplication using Java 15.0.2 on LAPTOP-G9GJ4JUF with PID 12304 (C:\spring\work-space\EmployeePayrollApp\bin\main started by ASUS in C:\spring\work-space\EmployeePayrollApp)
2021-07-08 14:42:04.464 DEBUG 12304 --- [restartedMain] c.b.e.EmployeePayrollAppApplication      : Running with Spring Boot v2.5.1, Spring v5.3.8
2021-07-08 14:42:04.464  INFO 12304 --- [restartedMain] c.b.e.EmployeePayrollAppApplication      : The following profiles are active: dev
2021-07-08 14:42:13.467  WARN 12304 --- [restartedMain] JpaBaseConfiguration$JpaWebConfiguration : spring.jpa.open-in-view is enabled by default. Therefore, database queries may be performed during view rendering. Explicitly configure spring.jpa.open-in-view to disable this warning
2021-07-08 14:42:14.545  INFO 12304 --- [restartedMain] c.b.e.EmployeePayrollAppApplication      : Started EmployeePayrollAppApplication in 10.771 seconds (JVM running for 12.552)
2021-07-08 14:42:14.551  INFO 12304 --- [restartedMain] c.b.e.EmployeePayrollAppApplication      : Employee payroll app started in DEV Environment
2021-07-08 14:42:14.553  INFO 12304 --- [restartedMain] c.b.e.EmployeePayrollAppApplication      : Employee payroll DB user is emp_payrollDB 
2021-07-08 14:51:09.167  INFO 12716 --- [restartedMain] c.b.e.EmployeePayrollAppApplication      : Starting EmployeePayrollAppApplication using Java 15.0.2 on LAPTOP-G9GJ4JUF with PID 12716 (C:\spring\work-space\EmployeePayrollApp\bin\main started by ASUS in C:\spring\work-space\EmployeePayrollApp)
2021-07-08 14:51:09.171 DEBUG 12716 --- [restartedMain] c.b.e.EmployeePayrollAppApplication      : Running with Spring Boot v2.5.1, Spring v5.3.8
2021-07-08 14:51:09.171  INFO 12716 --- [restartedMain] c.b.e.EmployeePayrollAppApplication      : The following profiles are active: dev
2021-07-08 14:51:15.853  WARN 12716 --- [restartedMain] JpaBaseConfiguration$JpaWebConfiguration : spring.jpa.open-in-view is enabled by default. Therefore, database queries may be performed during view rendering. Explicitly configure spring.jpa.open-in-view to disable this warning
2021-07-08 14:51:16.998  INFO 12716 --- [restartedMain] c.b.e.EmployeePayrollAppApplication      : Started EmployeePayrollAppApplication in 9.071 seconds (JVM running for 11.073)
2021-07-08 14:51:17.007  INFO 12716 --- [restartedMain] c.b.e.EmployeePayrollAppApplication      : Employee payroll app started in DEV Environment
2021-07-08 14:51:17.011  INFO 12716 --- [restartedMain] c.b.e.EmployeePayrollAppApplication      : Employee payroll DB user is emp_payrollDB 
2021-07-08 16:54:05.661  WARN 12716 --- [HikariPool-1 housekeeper] com.zaxxer.hikari.pool.HikariPool        : HikariPool-1 - Thread starvation or clock leap detected (housekeeper delta=1h15m21s746ms508µs100ns).
